2025-04-12 12:55:00,163 INFO o.a.j.u.JMeterUtils: Setting Locale to zh_CN
2025-04-12 12:55:00,171 INFO o.a.j.JMeter: Loading user properties from: D:\zr\jmeter-5.4.1\bin\user.properties
2025-04-12 12:55:00,171 INFO o.a.j.JMeter: Loading system properties from: D:\zr\jmeter-5.4.1\bin\system.properties
2025-04-12 12:55:00,180 INFO o.a.j.JMeter: Copyright (c) 1998-2021 The Apache Software Foundation
2025-04-12 12:55:00,180 INFO o.a.j.JMeter: Version 5.4.1
2025-04-12 12:55:00,180 INFO o.a.j.JMeter: java.version=1.8.0_311
2025-04-12 12:55:00,180 INFO o.a.j.JMeter: java.vm.name=Java HotSpot(TM) 64-Bit Server VM
2025-04-12 12:55:00,180 INFO o.a.j.JMeter: os.name=Windows 10
2025-04-12 12:55:00,180 INFO o.a.j.JMeter: os.arch=amd64
2025-04-12 12:55:00,180 INFO o.a.j.JMeter: os.version=10.0
2025-04-12 12:55:00,180 INFO o.a.j.JMeter: file.encoding=GBK
2025-04-12 12:55:00,180 INFO o.a.j.JMeter: java.awt.headless=true
2025-04-12 12:55:00,180 INFO o.a.j.JMeter: Max memory     =1073741824
2025-04-12 12:55:00,180 INFO o.a.j.JMeter: Available Processors =8
2025-04-12 12:55:00,180 INFO o.a.j.JMeter: Default Locale=English (EN)
2025-04-12 12:55:00,184 INFO o.a.j.JMeter: JMeter  Locale=Chinese (China)
2025-04-12 12:55:00,184 INFO o.a.j.JMeter: JMeterHome=D:\zr\jmeter-5.4.1
2025-04-12 12:55:00,184 INFO o.a.j.JMeter: user.dir  =D:\zr\cyberdataapitestexternal
2025-04-12 12:55:00,184 INFO o.a.j.JMeter: PWD       =D:\zr\cyberdataapitestexternal
2025-04-12 12:55:00,184 INFO o.a.j.JMeter: IP: 192.168.1.107 Name: LAPTOP-AHUN2O4M FullName: LAPTOP-AHUN2O4M
2025-04-12 12:55:00,184 INFO o.a.j.JMeter: Setting property 'jmeter.reportgenerator.outputdir' to:'D:\zr\cyberdataapitestexternal\.\combined_report'
2025-04-12 12:55:00,188 INFO o.a.j.r.d.ReportGenerator: ReportGenerator will use for Parsing the separator: ','
2025-04-12 12:55:00,188 INFO o.a.j.r.d.ReportGenerator: Will only generate report from results file: .\combined_results.jmx
2025-04-12 12:55:00,188 INFO o.a.j.r.d.ReportGenerator: Reading report generator properties from: D:\zr\jmeter-5.4.1\bin\reportgenerator.properties
2025-04-12 12:55:00,188 INFO o.a.j.r.d.ReportGenerator: Merging with JMeter properties
2025-04-12 12:55:00,192 INFO o.a.j.r.c.ReportGeneratorConfiguration: Property 'jmeter.reportgenerator.temp_dir' not found, using default value 'temp' instead.
2025-04-12 12:55:00,192 INFO o.a.j.r.c.ReportGeneratorConfiguration: Property 'jmeter.reportgenerator.apdex_per_transaction' not found, using default value 'null' instead.
2025-04-12 12:55:00,196 INFO o.a.j.r.c.ReportGeneratorConfiguration: apdex_per_transaction is empty, not APDEX per transaction customization
2025-04-12 12:55:00,200 INFO o.a.j.r.c.ReportGeneratorConfiguration: Property 'jmeter.reportgenerator.sample_filter' not found, using default value 'null' instead.
2025-04-12 12:55:00,200 INFO o.a.j.r.c.ReportGeneratorConfiguration: Property 'jmeter.reportgenerator.report_title' not found, using default value 'null' instead.
2025-04-12 12:55:00,200 INFO o.a.j.r.c.ReportGeneratorConfiguration: Property 'jmeter.reportgenerator.start_date' not found, using default value 'null' instead.
2025-04-12 12:55:00,200 INFO o.a.j.r.c.ReportGeneratorConfiguration: Property 'jmeter.reportgenerator.end_date' not found, using default value 'null' instead.
2025-04-12 12:55:00,200 INFO o.a.j.r.c.ReportGeneratorConfiguration: Property 'jmeter.reportgenerator.date_format' not found, using default value 'null' instead.
2025-04-12 12:55:00,200 INFO o.a.j.r.c.ReportGeneratorConfiguration: Will use date range start date: null, end date: null
2025-04-12 12:55:00,200 INFO o.a.j.r.c.ReportGeneratorConfiguration: Property 'jmeter.reportgenerator.graph.totalTPS.exclude_controllers' not found, using default value 'false' instead.
2025-04-12 12:55:00,200 INFO o.a.j.r.c.ReportGeneratorConfiguration: Property 'jmeter.reportgenerator.graph.activeThreadsOverTime.exclude_controllers' not found, using default value 'false' instead.
2025-04-12 12:55:00,200 INFO o.a.j.r.c.ReportGeneratorConfiguration: Property 'jmeter.reportgenerator.graph.timeVsThreads.exclude_controllers' not found, using default value 'false' instead.
2025-04-12 12:55:00,200 INFO o.a.j.r.c.ReportGeneratorConfiguration: Property 'jmeter.reportgenerator.graph.responseTimeDistribution.exclude_controllers' not found, using default value 'false' instead.
2025-04-12 12:55:00,200 INFO o.a.j.r.c.ReportGeneratorConfiguration: Property 'jmeter.reportgenerator.graph.transactionsPerSecond.exclude_controllers' not found, using default value 'false' instead.
2025-04-12 12:55:00,200 INFO o.a.j.r.c.ReportGeneratorConfiguration: Property 'jmeter.reportgenerator.graph.responseTimePercentiles.exclude_controllers' not found, using default value 'false' instead.
2025-04-12 12:55:00,200 INFO o.a.j.r.c.ReportGeneratorConfiguration: Property 'jmeter.reportgenerator.graph.responseTimePercentilesOverTime.exclude_controllers' not found, using default value 'false' instead.
2025-04-12 12:55:00,200 INFO o.a.j.r.c.ReportGeneratorConfiguration: Property 'jmeter.reportgenerator.graph.responseTimesOverTime.exclude_controllers' not found, using default value 'false' instead.
2025-04-12 12:55:00,204 INFO o.a.j.r.c.ReportGeneratorConfiguration: Property 'jmeter.reportgenerator.graph.connectTimeOverTime.exclude_controllers' not found, using default value 'false' instead.
2025-04-12 12:55:00,204 INFO o.a.j.r.c.ReportGeneratorConfiguration: Property 'jmeter.reportgenerator.graph.latenciesOverTime.exclude_controllers' not found, using default value 'false' instead.
2025-04-12 12:55:00,204 INFO o.a.j.r.c.ReportGeneratorConfiguration: Property 'jmeter.reportgenerator.exporter.json.filters_only_sample_series' not found, using default value 'true' instead.
2025-04-12 12:55:00,204 INFO o.a.j.r.c.ReportGeneratorConfiguration: Property 'jmeter.reportgenerator.exporter.json.series_filter' not found, using default value '' instead.
2025-04-12 12:55:00,204 INFO o.a.j.r.c.ReportGeneratorConfiguration: Property 'jmeter.reportgenerator.exporter.json.show_controllers_only' not found, using default value 'false' instead.
2025-04-12 12:55:00,204 INFO o.a.j.r.c.ReportGeneratorConfiguration: Property 'jmeter.reportgenerator.exporter.html.filters_only_sample_series' not found, using default value 'true' instead.
2025-04-12 12:55:00,204 INFO o.a.j.r.c.ReportGeneratorConfiguration: Property 'jmeter.reportgenerator.exporter.html.series_filter' not found, using default value '' instead.
2025-04-12 12:55:00,204 INFO o.a.j.r.c.ReportGeneratorConfiguration: Property 'jmeter.reportgenerator.exporter.html.show_controllers_only' not found, using default value 'false' instead.
2025-04-12 12:55:00,281 INFO o.a.j.s.SaveService: Testplan (JMX) version: 2.2. Testlog (JTL) version: 2.2
2025-04-12 12:55:00,293 INFO o.a.j.s.SaveService: Using SaveService properties file encoding UTF-8
2025-04-12 12:55:00,297 INFO o.a.j.s.SaveService: Using SaveService properties version 5.0
2025-04-12 12:55:00,313 INFO o.a.j.r.p.NormalizerSampleConsumer: Using format, 'ms', to parse timeStamp field
2025-04-12 12:55:00,788 INFO o.a.j.r.p.AbstractSampleConsumer: class org.apache.jmeter.report.processor.AggregateConsumer#stopProducing(): beginDate produced 0 samples
2025-04-12 12:55:00,788 INFO o.a.j.r.p.AbstractSampleConsumer: class org.apache.jmeter.report.processor.AggregateConsumer#stopProducing(): endDate produced 0 samples
2025-04-12 12:55:00,792 INFO o.a.j.r.p.AbstractSampleConsumer: class org.apache.jmeter.report.processor.ApdexSummaryConsumer#stopProducing(): apdexSummary produced 0 samples
2025-04-12 12:55:00,792 INFO o.a.j.r.p.AbstractSampleConsumer: class org.apache.jmeter.report.processor.RequestsSummaryConsumer#stopProducing(): requestsSummary produced 0 samples
2025-04-12 12:55:00,796 INFO o.a.j.r.p.AbstractSampleConsumer: class org.apache.jmeter.report.processor.StatisticsSummaryConsumer#stopProducing(): statisticsSummary produced 0 samples
2025-04-12 12:55:00,800 INFO o.a.j.r.p.AbstractSampleConsumer: class org.apache.jmeter.report.processor.Top5ErrorsBySamplerConsumer#stopProducing(): top5ErrorsBySampler produced 0 samples
2025-04-12 12:55:00,800 INFO o.a.j.r.p.AbstractSampleConsumer: class org.apache.jmeter.report.processor.ErrorsSummaryConsumer#stopProducing(): errorsSummary produced 0 samples
2025-04-12 12:55:00,800 INFO o.a.j.r.p.AbstractSampleConsumer: class org.apache.jmeter.report.processor.graph.impl.HitsPerSecondGraphConsumer#stopProducing(): hitsPerSecond produced 0 samples
2025-04-12 12:55:00,808 INFO o.a.j.r.p.AbstractSampleConsumer: class org.apache.jmeter.report.processor.graph.impl.LatencyVSRequestGraphConsumer#stopProducing(): latencyVsRequest produced 0 samples
2025-04-12 12:55:00,808 INFO o.a.j.r.p.AbstractSampleConsumer: class org.apache.jmeter.report.processor.graph.impl.SyntheticResponseTimeDistributionGraphConsumer#stopProducing(): syntheticResponseTimeDistribution produced 0 samples
2025-04-12 12:55:00,808 INFO o.a.j.r.p.AbstractSampleConsumer: class org.apache.jmeter.report.processor.graph.impl.BytesThroughputGraphConsumer#stopProducing(): bytesThroughputOverTime produced 0 samples
2025-04-12 12:55:00,808 INFO o.a.j.r.p.AbstractSampleConsumer: class org.apache.jmeter.report.processor.graph.impl.CodesPerSecondGraphConsumer#stopProducing(): codesPerSecond produced 0 samples
2025-04-12 12:55:00,812 INFO o.a.j.r.p.AbstractSampleConsumer: class org.apache.jmeter.report.processor.graph.impl.ResponseTimeVSRequestGraphConsumer#stopProducing(): responseTimeVsRequest produced 0 samples
2025-04-12 12:55:00,816 INFO o.a.j.r.p.AbstractSampleConsumer: class org.apache.jmeter.report.processor.FilterConsumer#stopProducing(): startIntervalControlerFilter produced 1323 samples
2025-04-12 12:55:00,816 INFO o.a.j.r.p.AbstractSampleConsumer: class org.apache.jmeter.report.processor.graph.impl.TotalTPSGraphConsumer#stopProducing(): totalTPS produced 0 samples
2025-04-12 12:55:00,816 INFO o.a.j.r.p.AbstractSampleConsumer: class org.apache.jmeter.report.processor.graph.impl.ActiveThreadsGraphConsumer#stopProducing(): activeThreadsOverTime produced 0 samples
2025-04-12 12:55:00,816 INFO o.a.j.r.p.AbstractSampleConsumer: class org.apache.jmeter.report.processor.graph.impl.TimeVSThreadGraphConsumer#stopProducing(): timeVsThreads produced 0 samples
2025-04-12 12:55:00,820 INFO o.a.j.r.p.AbstractSampleConsumer: class org.apache.jmeter.report.processor.graph.impl.ResponseTimeDistributionGraphConsumer#stopProducing(): responseTimeDistribution produced 0 samples
2025-04-12 12:55:00,820 INFO o.a.j.r.p.AbstractSampleConsumer: class org.apache.jmeter.report.processor.graph.impl.TransactionsPerSecondGraphConsumer#stopProducing(): transactionsPerSecond produced 0 samples
2025-04-12 12:55:00,824 INFO o.a.j.r.p.AbstractSampleConsumer: class org.apache.jmeter.report.processor.graph.impl.ResponseTimePercentilesGraphConsumer#stopProducing(): responseTimePercentiles produced 0 samples
2025-04-12 12:55:00,832 INFO o.a.j.r.p.AbstractSampleConsumer: class org.apache.jmeter.report.processor.graph.impl.ResponseTimePercentilesOverTimeGraphConsumer#stopProducing(): responseTimePercentilesOverTime produced 0 samples
2025-04-12 12:55:00,832 INFO o.a.j.r.p.AbstractSampleConsumer: class org.apache.jmeter.report.processor.graph.impl.ResponseTimeOverTimeGraphConsumer#stopProducing(): responseTimesOverTime produced 0 samples
2025-04-12 12:55:00,832 INFO o.a.j.r.p.AbstractSampleConsumer: class org.apache.jmeter.report.processor.graph.impl.ConnectTimeOverTimeGraphConsumer#stopProducing(): connectTimeOverTime produced 0 samples
2025-04-12 12:55:00,832 INFO o.a.j.r.p.AbstractSampleConsumer: class org.apache.jmeter.report.processor.graph.impl.LatencyOverTimeGraphConsumer#stopProducing(): latenciesOverTime produced 0 samples
2025-04-12 12:55:00,832 INFO o.a.j.r.p.AbstractSampleConsumer: class org.apache.jmeter.report.processor.FilterConsumer#stopProducing(): nameFilter produced 2835 samples
2025-04-12 12:55:00,832 INFO o.a.j.r.p.AbstractSampleConsumer: class org.apache.jmeter.report.processor.FilterConsumer#stopProducing(): dateRangeFilter produced 567 samples
2025-04-12 12:55:00,832 INFO o.a.j.r.p.AbstractSampleConsumer: class org.apache.jmeter.report.processor.NormalizerSampleConsumer#stopProducing(): normalizer produced 189 samples
2025-04-12 12:55:00,836 INFO o.a.j.r.p.CsvFileSampleSource: produce(): 189 samples produced in 495ms on channel 0
2025-04-12 12:55:00,836 INFO o.a.j.r.d.ReportGenerator: Exporting data using exporter:'json' of className:'org.apache.jmeter.report.dashboard.JsonExporter'
2025-04-12 12:55:00,940 INFO o.a.j.r.d.JsonExporter: Found data for consumer statisticsSummary?in context
2025-04-12 12:55:00,940 INFO o.a.j.r.d.JsonExporter: Creating statistics for overall
2025-04-12 12:55:00,940 INFO o.a.j.r.d.JsonExporter: Creating statistics for other transactions
2025-04-12 12:55:00,940 INFO o.a.j.r.d.JsonExporter: Checking output folder
2025-04-12 12:55:00,940 INFO o.a.j.r.d.JsonExporter: Writing statistics JSON to D:\zr\cyberdataapitestexternal\.\combined_report\statistics.json
2025-04-12 12:55:00,976 INFO o.a.j.r.d.ReportGenerator: Exporting data using exporter:'html' of className:'org.apache.jmeter.report.dashboard.HtmlTemplateExporter'
2025-04-12 12:55:00,980 INFO o.a.j.r.d.HtmlTemplateExporter: Will generate dashboard in folder: D:\zr\cyberdataapitestexternal\.\combined_report
2025-04-12 12:55:01,334 INFO o.a.j.r.d.HtmlTemplateExporter: Report will be generated in: D:\zr\cyberdataapitestexternal\.\combined_report, creating folder structure
2025-04-12 12:55:01,334 INFO o.a.j.r.d.TemplateVisitor: Copying folder from 'D:\zr\jmeter-5.4.1\bin\report-template' to 'D:\zr\cyberdataapitestexternal\.\combined_report', got message: D:\zr\cyberdataapitestexternal\.\combined_report, found non empty folder with following content [D:\zr\cyberdataapitestexternal\.\combined_report\statistics.json], will be ignored
